You can now view your style guide in the browser:

  Local:            http://localhost:8080/
  On your network:  http://10.10.49.46:8080/

You can now view your style guide in the browser:

  Local:            http://localhost:8080/
  On your network:  http://10.10.49.46:8080/


> react-cli@1.1.0 styleguide /opt/threatbook/tip-ui
> styleguidist server

You can now view your style guide in the browser:

  Local:            http://localhost:8080/
  On your network:  http://10.10.49.46:8080/

 DONE  Compiled successfully!

> react-cli@1.1.0 styleguide /opt/threatbook/tip-ui
> node doc/generateIcon.js && styleguidist server

You can now view your style guide in the browser:

  Local:            http://localhost:8080/
  On your network:  http://10.10.49.46:8080/


> react-cli@1.1.0 styleguide /opt/threatbook/tip-ui
> node doc/generateIcon.js && styleguidist server

You have another server running at port 8080 somewhere, shut it down first

You can change the port using the `serverPort` option in your style guide config:
https://react-styleguidist.js.org/docs/configuration.html

npm ERR! code ELIFECYCLE
npm ERR! errno 1
npm ERR! react-cli@1.1.0 styleguide: `node doc/generateIcon.js && styleguidist server`
npm ERR! Exit status 1
npm ERR! 
npm ERR! Failed at the react-cli@1.1.0 styleguide script.
npm ERR! This is probably not a problem with npm. There is likely additional logging output above.

npm ERR! A complete log of this run can be found in:
npm ERR!     /home/threatbook/.npm/_logs/2017-12-26T11_12_52_782Z-debug.log
 DONE  Compiled successfully!

 DONE  Compiled successfully!
sh: line 1: 29506 Killed                  styleguidist server
npm ERR! code ELIFECYCLE
npm ERR! errno 137
npm ERR! react-cli@1.1.0 styleguide: `node doc/generateIcon.js && styleguidist server`
npm ERR! Exit status 137
npm ERR! 
npm ERR! Failed at the react-cli@1.1.0 styleguide script.
npm ERR! This is probably not a problem with npm. There is likely additional logging output above.

npm ERR! A complete log of this run can be found in:
npm ERR!     /home/threatbook/.npm/_logs/2017-12-26T12_00_13_198Z-debug.log

> react-cli@1.1.0 styleguide /opt/threatbook/tip-ui
> node doc/generateIcon.js && styleguidist server

You can now view your style guide in the browser:

  Local:            http://localhost:8080/
  On your network:  http://10.10.49.46:8080/

 DONE  Compiled successfully!

 DONE  Compiled successfully!

 DONE  Compiled successfully!
sh: line 1: 30232 Killed                  styleguidist server
npm ERR! code ELIFECYCLE
npm ERR! errno 137
npm ERR! react-cli@1.1.0 styleguide: `node doc/generateIcon.js && styleguidist server`
npm ERR! Exit status 137
npm ERR! 
npm ERR! Failed at the react-cli@1.1.0 styleguide script.
npm ERR! This is probably not a problem with npm. There is likely additional logging output above.

npm ERR! A complete log of this run can be found in:
npm ERR!     /home/threatbook/.npm/_logs/2017-12-29T09_28_36_959Z-debug.log

> react-cli@1.1.0 styleguide /opt/threatbook/tip-ui
> node doc/generateIcon.js && styleguidist server

You can now view your style guide in the browser:

  Local:            http://localhost:6060/
  On your network:  http://10.10.49.46:6060/

 FAIL  Failed to compile

./src/components/Code/index.js
Module not found: Can't resolve 'json-format' in '/opt/threatbook/tip-ui/src/components/Code'
./src/components/Code/index.js
Module not found: Can't resolve 'react-json-pretty' in '/opt/threatbook/tip-ui/src/components/Code'

 FAIL  Failed to compile

./src/components/Code/index.js
Module not found: Can't resolve 'json-format' in '/opt/threatbook/tip-ui/src/components/Code'
./src/components/Code/index.js
Module not found: Can't resolve 'react-json-pretty' in '/opt/threatbook/tip-ui/src/components/Code'

 FAIL  Failed to compile

./src/components/Code/index.js
Module not found: Can't resolve 'json-format' in '/opt/threatbook/tip-ui/src/components/Code'
./src/components/Code/index.js
Module not found: Can't resolve 'react-json-pretty' in '/opt/threatbook/tip-ui/src/components/Code'
sh: line 1:  4436 Killed                  styleguidist server
npm ERR! code ELIFECYCLE
npm ERR! errno 137
npm ERR! react-cli@1.1.0 styleguide: `node doc/generateIcon.js && styleguidist server`
npm ERR! Exit status 137
npm ERR! 
npm ERR! Failed at the react-cli@1.1.0 styleguide script.
npm ERR! This is probably not a problem with npm. There is likely additional logging output above.

npm ERR! A complete log of this run can be found in:
npm ERR!     /home/threatbook/.npm/_logs/2017-12-29T09_31_06_476Z-debug.log

> react-cli@1.1.0 styleguide /opt/threatbook/tip-ui
> node doc/generateIcon.js && styleguidist server

You can now view your style guide in the browser:

  Local:            http://localhost:8080/
  On your network:  http://10.10.49.46:8080/

 FAIL  Failed to compile

./src/components/Code/index.js
Module not found: Can't resolve 'json-format' in '/opt/threatbook/tip-ui/src/components/Code'
./src/components/Code/index.js
Module not found: Can't resolve 'react-json-pretty' in '/opt/threatbook/tip-ui/src/components/Code'

 FAIL  Failed to compile

./src/components/Code/index.js
Module not found: Can't resolve 'json-format' in '/opt/threatbook/tip-ui/src/components/Code'
./src/components/Code/index.js
Module not found: Can't resolve 'react-json-pretty' in '/opt/threatbook/tip-ui/src/components/Code'
sh: line 1:  4561 Killed                  styleguidist server
npm ERR! code ELIFECYCLE
npm ERR! errno 137
npm ERR! react-cli@1.1.0 styleguide: `node doc/generateIcon.js && styleguidist server`
npm ERR! Exit status 137
npm ERR! 
npm ERR! Failed at the react-cli@1.1.0 styleguide script.
npm ERR! This is probably not a problem with npm. There is likely additional logging output above.

npm ERR! A complete log of this run can be found in:
npm ERR!     /home/threatbook/.npm/_logs/2017-12-29T09_32_43_635Z-debug.log

> react-cli@1.1.0 styleguide /opt/threatbook/tip-ui
> node doc/generateIcon.js && styleguidist server


> react-cli@1.1.0 styleguide /opt/threatbook/tip-ui
> node doc/generateIcon.js && styleguidist server

You can now view your style guide in the browser:

  Local:            http://localhost:8080/
  On your network:  http://10.10.49.46:8080/

 DONE  Compiled successfully!

 DONE  Compiled successfully!
 FAIL  Failed to compile

./dist/static/css/lib.css
Module build failed: Error: ENOENT: no such file or directory, open '/opt/threatbook/tip-ui/dist/static/css/lib.css'
sh: line 1:  4623 Killed                  styleguidist server
npm ERR! code ELIFECYCLE
npm ERR! errno 137
npm ERR! react-cli@1.1.0 styleguide: `node doc/generateIcon.js && styleguidist server`
npm ERR! Exit status 137
npm ERR! 
npm ERR! Failed at the react-cli@1.1.0 styleguide script.
npm ERR! This is probably not a problem with npm. There is likely additional logging output above.

npm ERR! A complete log of this run can be found in:
npm ERR!     /home/threatbook/.npm/_logs/2017-12-29T09_35_38_482Z-debug.log

> react-cli@1.1.0 styleguide /opt/threatbook/tip-ui
> node doc/generateIcon.js && styleguidist server

You can now view your style guide in the browser:

  Local:            http://localhost:8080/
  On your network:  http://10.10.49.46:8080/

 DONE  Compiled successfully!

 DONE  Compiled successfully!

 DONE  Compiled successfully!
 FAIL  Failed to compile

./dist/static/css/lib.css
Module build failed: Error: ENOENT: no such file or directory, open '/opt/threatbook/tip-ui/dist/static/css/lib.css'

 DONE  Compiled successfully!

 DONE  Compiled successfully!

 DONE  Compiled successfully!
sh: line 1:  4705 Killed                  styleguidist server
npm ERR! code ELIFECYCLE
npm ERR! errno 137
npm ERR! react-cli@1.1.0 styleguide: `node doc/generateIcon.js && styleguidist server`
npm ERR! Exit status 137
npm ERR! 
npm ERR! Failed at the react-cli@1.1.0 styleguide script.
npm ERR! This is probably not a problem with npm. There is likely additional logging output above.

npm ERR! A complete log of this run can be found in:
npm ERR!     /home/threatbook/.npm/_logs/2018-01-03T11_39_51_506Z-debug.log

> react-cli@1.1.0 styleguide /opt/threatbook/tip-ui
> node doc/generateIcon.js && styleguidist server

You can now view your style guide in the browser:

  Local:            http://localhost:8080/
  On your network:  http://10.10.49.46:8080/

 DONE  Compiled successfully!

 DONE  Compiled successfully!
 FAIL  Failed to compile

./dist/static/css/lib.css
Module build failed: Error: ENOENT: no such file or directory, open '/opt/threatbook/tip-ui/dist/static/css/lib.css'

 DONE  Compiled successfully!

 DONE  Compiled successfully!

 DONE  Compiled successfully!

> react-cli@1.1.0 styleguide /opt/threatbook/tip-ui
> node doc/generateIcon.js && styleguidist server

You can now view your style guide in the browser:

  Local:            http://localhost:8081/
  On your network:  http://10.10.49.46:8081/

sh: line 1:  5410 Killed                  styleguidist server
npm ERR! code ELIFECYCLE
npm ERR! errno 137
npm ERR! react-cli@1.1.0 styleguide: `node doc/generateIcon.js && styleguidist server`
npm ERR! Exit status 137
npm ERR! 
npm ERR! Failed at the react-cli@1.1.0 styleguide script.
npm ERR! This is probably not a problem with npm. There is likely additional logging output above.

npm ERR! A complete log of this run can be found in:
npm ERR!     /home/threatbook/.npm/_logs/2018-01-17T06_36_52_228Z-debug.log

> react-cli@1.1.0 styleguide /opt/threatbook/tip-ui
> node doc/generateIcon.js && styleguidist server

You can now view your style guide in the browser:

  Local:            http://localhost:8080/
  On your network:  http://10.10.49.46:8080/

 DONE  Compiled successfully!

 DONE  Compiled successfully!
 FAIL  Failed to compile

./dist/static/css/lib.css
Module build failed: Error: ENOENT: no such file or directory, open '/opt/threatbook/tip-ui/dist/static/css/lib.css'

 DONE  Compiled successfully!

 DONE  Compiled successfully!
 DONE  Compiled successfully!

 DONE  Compiled successfully!

Warning: src/components/Select/index.js matches a pattern defined in ‚Äúcomponents‚Äù or ‚Äúsections‚Äù options in your style guide config but doesn‚Äôt export a component.

It usually happens when using third-party libraries, see possible solutions here:
https://react-styleguidist.js.org/docs/thirdparties.html

 DONE  Compiled successfully!

 DONE  Compiled successfully!

 DONE  Compiled successfully!

 DONE  Compiled successfully!

 DONE  Compiled successfully!

 DONE  Compiled successfully!
module.js:544
    throw err;
    ^

Error: Cannot find module './gulpfile.js'
    at Function.Module._resolveFilename (module.js:542:15)
    at Function.Module._load (module.js:472:25)
    at Module.require (module.js:585:17)
    at require (internal/module.js:11:18)
    at Object.<anonymous> (/opt/threatbook/tip-ui/app.js:1:63)
    at Module._compile (module.js:641:30)
    at Object.Module._extensions..js (module.js:652:10)
    at Module.load (module.js:560:32)
    at tryModuleLoad (module.js:503:12)
    at Function.Module._load (module.js:495:3)

> react-cli@1.1.0 start /opt/threatbook/tip-ui
> node conf/webpack/dev-server.js

> Starting dev server...
‚Ñπ ÔΩ¢wdmÔΩ£: wait until bundle finished: 

> react-cli@1.1.0 styleguide /opt/threatbook/tip-ui
> node doc/generateIcon.js && styleguidist server

 DONE  Compiled successfully in 21882ms16:22:08

‚Ñπ ÔΩ¢wdmÔΩ£: Hash: [1me0bc76647fb2741308bd[39m[22m
Version: webpack [1m3.10.0[39m[22m
Time: [1m21882[39m[22mms
                      [1mAsset[39m[22m       [1mSize[39m[22m  [1mChunks[39m[22m  [1m[39m[22m           [1m[39m[22m       [1mChunk Names[39m[22m
                     [1m[33mlib.js[39m[22m    [1m[33m2.16 MB[39m[22m       [1m0[39m[22m  [1m[32m[emitted][39m[22m  [1m[33m[big][39m[22m  lib
[1m[33mdll.2dee71174ba9be82cf98.js[39m[22m     [1m[33m435 kB[39m[22m        [1m[39m[22m  [1m[32m[emitted][39m[22m  [1m[33m[big][39m[22m  
                 [1m[32mindex.html[39m[22m  326 bytes        [1m[39m[22m  [1m[32m[emitted][39m[22m         
   [0] [1m./node_modules/react-hot-loader/patch.js[39m[22m 82 bytes {[1m[33m0[39m[22m}[1m[32m [built][39m[22m
   [1] [1m(webpack)/buildin/harmony-module.js[39m[22m 596 bytes {[1m[33m0[39m[22m}[1m[32m [built][39m[22m
   [2] [1mdelegated ../../node_modules/react/index.js from dll-reference dll[39m[22m 42 bytes {[1m[33m0[39m[22m}[1m[32m [built][39m[22m
   [4] [1m./node_modules/babel-runtime/helpers/classCallCheck.js[39m[22m 208 bytes {[1m[33m0[39m[22m}[1m[32m [built][39m[22m
   [5] [1m./node_modules/babel-runtime/helpers/createClass.js[39m[22m 904 bytes {[1m[33m0[39m[22m}[1m[32m [built][39m[22m
   [7] [1m./node_modules/babel-runtime/helpers/inherits.js[39m[22m 1.11 kB {[1m[33m0[39m[22m}[1m[32m [built][39m[22m
   [8] [1m./node_modules/babel-runtime/core-js/object/get-prototype-of.js[39m[22m 104 bytes {[1m[33m0[39m[22m}[1m[32m [built][39m[22m
  [12] [1mexternal "dll"[39m[22m 42 bytes {[1m[33m0[39m[22m}[1m[31m [not cacheable][39m[22m
  [58] [1mdelegated ../../node_modules/react-dom/index.js from dll-reference dll[39m[22m 42 bytes {[1m[33m0[39m[22m}[1m[32m [built][39m[22m
  [88] [1mmulti ./example/index.js[39m[22m 28 bytes {[1m[33m0[39m[22m}[1m[32m [built][39m[22m
  [89] [1m./example/index.js[39m[22m 208 bytes {[1m[33m0[39m[22m}[1m[32m [built][39m[22m
  [90] [1m./example/App.js[39m[22m 27.6 kB {[1m[33m0[39m[22m}[1m[32m [built][39m[22m
 [132] [1m./src/index.js[39m[22m 1.25 kB {[1m[33m0[39m[22m}[1m[32m [built][39m[22m
 [204] [1m./example/index.scss[39m[22m 1.21 kB {[1m[33m0[39m[22m}[1m[32m [built][39m[22m
 [205] [1m./node_modules/css-loader?{"sourceMap":false}!./node_modules/sass-loader/lib/loader.js?{"sourceMap":false}!./example/index.scss[39m[22m 532 bytes {[1m[33m0[39m[22m}[1m[32m [built][39m[22m
    + 191 hidden modules
Child [1mhtml-webpack-plugin for "index.html"[39m[22m:
         [1mAsset[39m[22m     [1mSize[39m[22m  [1mChunks[39m[22m  [1m[39m[22m[1m[39m[22m[1mChunk Names[39m[22m
    [1m[32mindex.html[39m[22m  1.42 MB       [1m0[39m[22m  [1m[32m[39m[22m
       [0] [1m./node_modules/html-webpack-plugin/lib/loader.js!./index.html[39m[22m 596 bytes {[1m[33m0[39m[22m}[1m[32m [built][39m[22m
       [1] [1m./node_modules/html-webpack-plugin/node_modules/lodash/lodash.js[39m[22m 540 kB {[1m[33m0[39m[22m}[1m[32m [built][39m[22m
       [2] [1m(webpack)/buildin/global.js[39m[22m 509 bytes {[1m[33m0[39m[22m}[1m[32m [built][39m[22m
       [3] [1m(webpack)/buildin/module.js[39m[22m 517 bytes {[1m[33m0[39m[22m}[1m[32m [built][39m[22m
‚Ñπ ÔΩ¢wdmÔΩ£: Compiled successfully.
> Listening at http://localhost:8089

You can now view your style guide in the browser:

  Local:            http://localhost:8080/
  On your network:  http://10.10.49.46:8080/

Warning: src/components/Select/index.js matches a pattern defined in ‚Äúcomponents‚Äù or ‚Äúsections‚Äù options in your style guide config but doesn‚Äôt export a component.

It usually happens when using third-party libraries, see possible solutions here:
https://react-styleguidist.js.org/docs/thirdparties.html

 DONE  Compiled successfully!

 DONE  Compiled successfully!
‚Ñπ ÔΩ¢wdmÔΩ£: Compiling...
 ERROR  Failed to compile with 1 errors17:43:43

 error  


‚úñ ÔΩ¢wdmÔΩ£: Hash: [1m5f7274d89219cec2e11b[39m[22m
Version: webpack [1m3.10.0[39m[22m
Time: [1m918[39m[22mms
     [1mAsset[39m[22m     [1mSize[39m[22m  [1mChunks[39m[22m  [1m[39m[22m           [1m[39m[22m       [1mChunk Names[39m[22m
    [1m[33mlib.js[39m[22m  [1m[33m2.16 MB[39m[22m       [1m0[39m[22m  [1m[32m[39m[22m           [1m[33m[big][39m[22m  lib
[1m[32mindex.html[39m[22m  4.88 kB        [1m[39m[22m  [1m[32m[emitted][39m[22m         
   [0] [1m./node_modules/react-hot-loader/patch.js[39m[22m 82 bytes {[1m[33m0[39m[22m}
   [1] [1m(webpack)/buildin/harmony-module.js[39m[22m 596 bytes {[1m[33m0[39m[22m}
   [2] [1mdelegated ../../node_modules/react/index.js from dll-reference dll[39m[22m 42 bytes {[1m[33m0[39m[22m}[1m[32m [built][39m[22m
   [4] [1m./node_modules/babel-runtime/helpers/classCallCheck.js[39m[22m 208 bytes {[1m[33m0[39m[22m}
   [5] [1m./node_modules/babel-runtime/helpers/createClass.js[39m[22m 904 bytes {[1m[33m0[39m[22m}
   [7] [1m./node_modules/babel-runtime/helpers/inherits.js[39m[22m 1.11 kB {[1m[33m0[39m[22m}
   [8] [1m./node_modules/babel-runtime/core-js/object/get-prototype-of.js[39m[22m 104 bytes {[1m[33m0[39m[22m}
  [12] [1mexternal "dll"[39m[22m 42 bytes {[1m[33m0[39m[22m}[1m[31m [not cacheable][39m[22m
  [58] [1mdelegated ../../node_modules/react-dom/index.js from dll-reference dll[39m[22m 42 bytes {[1m[33m0[39m[22m}[1m[32m [built][39m[22m
  [88] [1mmulti ./example/index.js[39m[22m 28 bytes {[1m[33m0[39m[22m}
  [89] [1m./example/index.js[39m[22m 208 bytes {[1m[33m0[39m[22m}
  [90] [1m./example/App.js[39m[22m 27.6 kB {[1m[33m0[39m[22m}
 [132] [1m./src/index.js[39m[22m 1.25 kB {[1m[33m0[39m[22m}
 [204] [1m./example/index.scss[39m[22m 1.21 kB {[1m[33m0[39m[22m}
 [205] [1m./node_modules/css-loader?{"sourceMap":false}!./node_modules/sass-loader/lib/loader.js?{"sourceMap":false}!./example/index.scss[39m[22m 532 bytes {[1m[33m0[39m[22m}
    + 191 hidden modules

[1m[31mERROR in   Error: HtmlWebpackPlugin: could not load file /opt/threatbook/tip-ui/conf/dll/  dll.2dee71174ba9be82cf98.js
  
  - index.js:312 
    [tip-ui]/[html-webpack-plugin]/index.js:312:27
  
  - index.js:311 HtmlWebpackPlugin.addFileToAssets
    [tip-ui]/[html-webpack-plugin]/index.js:311:9
  
  - addAllAssetsToCompilation.js:67 
    [tip-ui]/[add-asset-html-webpack-plugin]/lib/addAllAssetsToCompilation.js:67    :55
  
  - Generator.next
  
  - addAllAssetsToCompilation.js:98 addFileToAssets
    [tip-ui]/[add-asset-html-webpack-plugin]/lib/addAllAssetsToCompilation.js:98    :65
  
  - addAllAssetsToCompilation.js:105 
    [tip-ui]/[add-asset-html-webpack-plugin]/lib/addAllAssetsToCompilation.js:10    5:11
  
  - addAllAssetsToCompilation.js:104 
    [tip-ui]/[add-asset-html-webpack-plugin]/lib/addAllAssetsToCompilation.js:10    4:55
  
  - Generator.next
  
  - addAllAssetsToCompilation.js:112 exports.default
    [tip-ui]/[add-asset-html-webpack-plugin]/lib/addAllAssetsToCompilation.js:11    2:57
  
  - index.js:14 Compilation.compilation.plugin
    [tip-ui]/[add-asset-html-webpack-plugin]/lib/index.js:14:87
  
  - Tapable.js:272 Compilation.applyPluginsAsyncWaterfall
    [tip-ui]/[tapable]/lib/Tapable.js:272:13
  
  - index.js:645 
    [tip-ui]/[html-webpack-plugin]/index.js:645:12
  
  - index.js:122 
    [tip-ui]/[html-webpack-plugin]/index.js:122:16
  
  - index.js:121 Compiler.<anonymous>
    [tip-ui]/[html-webpack-plugin]/index.js:121:8
  
  - Tapable.js:206 Compiler.applyPluginsAsyncSeries
    [tip-ui]/[tapable]/lib/Tapable.js:206:13
  
  - Compiler.js:354 Compiler.emitAssets
    [tip-ui]/[webpack]/lib/Compiler.js:354:8
  
  - Compiler.js:58 onCompiled
    [tip-ui]/[webpack]/lib/Compiler.js:58:19
  
  - Compiler.js:510 applyPluginsAsync.err
    [tip-ui]/[webpack]/lib/Compiler.js:510:14
  
  - Tapable.js:202 next
    [tip-ui]/[tapable]/lib/Tapable.js:202:11
  
  - CachePlugin.js:78 Compiler.<anonymous>
    [tip-ui]/[webpack]/lib/CachePlugin.js:78:5
  
  - Tapable.js:206 Compiler.applyPluginsAsyncSeries
    [tip-ui]/[tapable]/lib/Tapable.js:206:13
  
  - Compiler.js:507 compilation.seal.err
    [tip-ui]/[webpack]/lib/Compiler.js:507:11
  
  - Tapable.js:195 Compilation.applyPluginsAsyncSeries
    [tip-ui]/[tapable]/lib/Tapable.js:195:46
  
  - Compilation.js:680 self.applyPluginsAsync.err
    [tip-ui]/[webpack]/lib/Compilation.js:680:19
  
  - Tapable.js:195 Compilation.applyPluginsAsyncSeries
    [tip-ui]/[tapable]/lib/Tapable.js:195:46
  
  - Compilation.js:671 self.applyPluginsAsync.err
    [tip-ui]/[webpack]/lib/Compilation.js:671:11
  
  - Tapable.js:195 Compilation.applyPluginsAsyncSeries
    [tip-ui]/[tapable]/lib/Tapable.js:195:46
  
  - Compilation.js:666 self.applyPluginsAsync.err
    [tip-ui]/[webpack]/lib/Compilation.js:666:10
  
  - Tapable.js:195 Compilation.applyPluginsAsyncSeries
    [tip-ui]/[tapable]/lib/Tapable.js:195:46
  
  - Compilation.js:662 sealPart2
    [tip-ui]/[webpack]/lib/Compilation.js:662:9
  
  - Tapable.js:195 Compilation.applyPluginsAsyncSeries
    [tip-ui]/[tapable]/lib/Tapable.js:195:46
  
  - Compilation.js:605 Compilation.seal
    [tip-ui]/[webpack]/lib/Compilation.js:605:8
  
  - index.js:55 Compiler.<anonymous>
    [tip-ui]/[html-webpack-plugin]/index.js:55:8
  
  - Tapable.js:293 Compiler.applyPluginsParallel
    [tip-ui]/[tapable]/lib/Tapable.js:293:14
  
  - Compiler.js:499 applyPluginsAsync.err
    [tip-ui]/[webpack]/lib/Compiler.js:499:9
  
  - Tapable.js:202 next
    [tip-ui]/[tapable]/lib/Tapable.js:202:11
  
  - DllReferencePlugin.js:35 Compiler.compiler.plugin
    [tip-ui]/[webpack]/lib/DllReferencePlugin.js:35:12
  
  - Tapable.js:206 Compiler.applyPluginsAsyncSeries
    [tip-ui]/[tapable]/lib/Tapable.js:206:13
  
  - Compiler.js:492 Compiler.compile
    [tip-ui]/[webpack]/lib/Compiler.js:492:8
  
  - Compiler.js:83 compiler.applyPluginsAsync.err
    [tip-ui]/[webpack]/lib/Compiler.js:83:18
  
  - Tapable.js:202 next
    [tip-ui]/[tapable]/lib/Tapable.js:202:11
  
  - context.js:76 Compiler.invalid
    [tip-ui]/[webpack-dev-middleware]/lib/context.js:76:7
  
  - Tapable.js:204 next
    [tip-ui]/[tapable]/lib/Tapable.js:204:14
  
  - CachePlugin.js:48 Compiler.compiler.plugin
    [tip-ui]/[webpack]/lib/CachePlugin.js:48:5
  
  - Tapable.js:206 Compiler.applyPluginsAsyncSeries
    [tip-ui]/[tapable]/lib/Tapable.js:206:13
  
  - Compiler.js:48 Watching._go
    [tip-ui]/[webpack]/lib/Compiler.js:48:17
  
  - Compiler.js:142 Watching.invalidate
    [tip-ui]/[webpack]/lib/Compiler.js:142:9
  
  - Compiler.js:123 watcher.compiler.watchFileSystem.watch
    [tip-ui]/[webpack]/lib/Compiler.js:123:9
  
  - NodeWatchFileSystem.js:45 Watchpack.watcher.once
    [tip-ui]/[webpack]/lib/node/NodeWatchFileSystem.js:45:4
  
  - From previous event:
  
  - index.js:645 
    [tip-ui]/[html-webpack-plugin]/index.js:645:12
  
[39m[22m
Child [1mhtml-webpack-plugin for "index.html"[39m[22m:
         [1mAsset[39m[22m     [1mSize[39m[22m  [1mChunks[39m[22m  [1m[39m[22m[1m[39m[22m[1mChunk Names[39m[22m
    [1m[32mindex.html[39m[22m  1.42 MB       [1m1[39m[22m  [1m[32m[39m[22m
       [0] [1m./node_modules/html-webpack-plugin/lib/loader.js!./index.html[39m[22m 596 bytes {[1m[33m1[39m[22m}
       [1] [1m./node_modules/html-webpack-plugin/node_modules/lodash/lodash.js[39m[22m 540 kB {[1m[33m1[39m[22m}
       [2] [1m(webpack)/buildin/global.js[39m[22m 509 bytes {[1m[33m1[39m[22m}
       [3] [1m(webpack)/buildin/module.js[39m[22m 517 bytes {[1m[33m1[39m[22m}
‚Ñπ ÔΩ¢wdmÔΩ£: Failed to compile.
 FAIL  Failed to compile

./dist/static/css/lib.css
Module build failed: Error: ENOENT: no such file or directory, open '/opt/threatbook/tip-ui/dist/static/css/lib.css'

 WAIT  Compiling...16:41:35

‚Ñπ ÔΩ¢wdmÔΩ£: Compiling...
 DONE  Compiled successfully in 4447ms16:41:40

‚Ñπ ÔΩ¢wdmÔΩ£: Hash: [1mdcaea061219ab91d6fee[39m[22m
Version: webpack [1m3.10.0[39m[22m
Time: [1m4447[39m[22mms
                      [1mAsset[39m[22m       [1mSize[39m[22m  [1mChunks[39m[22m  [1m[39m[22m           [1m[39m[22m       [1mChunk Names[39m[22m
                     [1m[33mlib.js[39m[22m    [1m[33m2.16 MB[39m[22m       [1m0[39m[22m  [1m[32m[emitted][39m[22m  [1m[33m[big][39m[22m  lib
[1m[33mdll.2dee71174ba9be82cf98.js[39m[22m     [1m[33m435 kB[39m[22m        [1m[39m[22m  [1m[32m[emitted][39m[22m  [1m[33m[big][39m[22m  
                 [1m[32mindex.html[39m[22m  326 bytes        [1m[39m[22m  [1m[32m[emitted][39m[22m         
   [0] [1m./node_modules/react-hot-loader/patch.js[39m[22m 82 bytes {[1m[33m0[39m[22m}
   [1] [1m(webpack)/buildin/harmony-module.js[39m[22m 596 bytes {[1m[33m0[39m[22m}
   [2] [1mdelegated ../../node_modules/react/index.js from dll-reference dll[39m[22m 42 bytes {[1m[33m0[39m[22m}[1m[32m [built][39m[22m
   [4] [1m./node_modules/babel-runtime/helpers/classCallCheck.js[39m[22m 208 bytes {[1m[33m0[39m[22m}
   [5] [1m./node_modules/babel-runtime/helpers/createClass.js[39m[22m 904 bytes {[1m[33m0[39m[22m}
   [7] [1m./node_modules/babel-runtime/helpers/inherits.js[39m[22m 1.11 kB {[1m[33m0[39m[22m}
   [8] [1m./node_modules/babel-runtime/core-js/object/get-prototype-of.js[39m[22m 104 bytes {[1m[33m0[39m[22m}
  [12] [1mexternal "dll"[39m[22m 42 bytes {[1m[33m0[39m[22m}[1m[31m [not cacheable][39m[22m
  [58] [1mdelegated ../../node_modules/react-dom/index.js from dll-reference dll[39m[22m 42 bytes {[1m[33m0[39m[22m}[1m[32m [built][39m[22m
  [88] [1mmulti ./example/index.js[39m[22m 28 bytes {[1m[33m0[39m[22m}
  [89] [1m./example/index.js[39m[22m 208 bytes {[1m[33m0[39m[22m}
  [90] [1m./example/App.js[39m[22m 27.7 kB {[1m[33m0[39m[22m}[1m[32m [built][39m[22m
 [132] [1m./src/index.js[39m[22m 1.25 kB {[1m[33m0[39m[22m}
 [204] [1m./example/index.scss[39m[22m 1.21 kB {[1m[33m0[39m[22m}
 [205] [1m./node_modules/css-loader?{"sourceMap":false}!./node_modules/sass-loader/lib/loader.js?{"sourceMap":false}!./example/index.scss[39m[22m 532 bytes {[1m[33m0[39m[22m}
    + 191 hidden modules
Child [1mhtml-webpack-plugin for "index.html"[39m[22m:
         [1mAsset[39m[22m     [1mSize[39m[22m  [1mChunks[39m[22m  [1m[39m[22m[1m[39m[22m[1mChunk Names[39m[22m
    [1m[32mindex.html[39m[22m  1.42 MB       [1m0[39m[22m  [1m[32m[39m[22m
       [0] [1m./node_modules/html-webpack-plugin/lib/loader.js!./index.html[39m[22m 596 bytes {[1m[33m0[39m[22m}
       [1] [1m./node_modules/html-webpack-plugin/node_modules/lodash/lodash.js[39m[22m 540 kB {[1m[33m0[39m[22m}
       [2] [1m(webpack)/buildin/global.js[39m[22m 509 bytes {[1m[33m0[39m[22m}
       [3] [1m(webpack)/buildin/module.js[39m[22m 517 bytes {[1m[33m0[39m[22m}
‚Ñπ ÔΩ¢wdmÔΩ£: Compiled successfully.
 DONE  Compiled successfully!

 WAIT  Compiling...18:31:06

‚Ñπ ÔΩ¢wdmÔΩ£: Compiling...
 ERROR  Failed to compile with 1 errors18:31:06

 error  in ./example/index.js

Module build failed: Error: Couldn't find preset "stage-2" relative to directory "/opt/threatbook/tip-ui"
    at /opt/threatbook/tip-ui/node_modules/babel-core/lib/transformation/file/options/option-manager.js:293:19
    at Array.map (<anonymous>)
    at OptionManager.resolvePresets (/opt/threatbook/tip-ui/node_modules/babel-core/lib/transformation/file/options/option-manager.js:275:20)
    at OptionManager.mergePresets (/opt/threatbook/tip-ui/node_modules/babel-core/lib/transformation/file/options/option-manager.js:264:10)
    at OptionManager.mergeOptions (/opt/threatbook/tip-ui/node_modules/babel-core/lib/transformation/file/options/option-manager.js:249:14)
    at OptionManager.init (/opt/threatbook/tip-ui/node_modules/babel-core/lib/transformation/file/options/option-manager.js:368:12)
    at File.initOptions (/opt/threatbook/tip-ui/node_modules/babel-core/lib/transformation/file/index.js:212:65)
    at new File (/opt/threatbook/tip-ui/node_modules/babel-core/lib/transformation/file/index.js:135:24)
    at Pipeline.transform (/opt/threatbook/tip-ui/node_modules/babel-core/lib/transformation/pipeline.js:46:16)
    at transpile (/opt/threatbook/tip-ui/node_modules/babel-loader/lib/index.js:50:20)
    at Object.module.exports (/opt/threatbook/tip-ui/node_modules/babel-loader/lib/index.js:175:20)

 @ multi ./example/index.js

‚úñ ÔΩ¢wdmÔΩ£: Hash: [1m2a6b77e77ce33b444be3[39m[22m
Version: webpack [1m3.10.0[39m[22m
Time: [1m47[39m[22mms
 [1mAsset[39m[22m     [1mSize[39m[22m  [1mChunks[39m[22m  [1m[39m[22m[1m[39m[22m[1mChunk Names[39m[22m
[1m[32mlib.js[39m[22m  4.21 kB       [1m0[39m[22m  [1m[32m[39m[22mlib
  [88] [1mmulti ./example/index.js[39m[22m 28 bytes {[1m[33m0[39m[22m}
  [89] [1m./example/index.js[39m[22m 1.35 kB {[1m[33m0[39m[22m}[1m[32m [built][39m[22m[1m[31m [failed][39m[22m[1m[31m [1 error][39m[22m

[1m[31mERROR in ./example/index.js
Module build failed: Error: Couldn't find preset "stage-2" relative to directory "/opt/threatbook/tip-ui"
    at /opt/threatbook/tip-ui/node_modules/babel-core/lib/transformation/file/options/option-manager.js:293:19
    at Array.map (<anonymous>)
    at OptionManager.resolvePresets (/opt/threatbook/tip-ui/node_modules/babel-core/lib/transformation/file/options/option-manager.js:275:20)
    at OptionManager.mergePresets (/opt/threatbook/tip-ui/node_modules/babel-core/lib/transformation/file/options/option-manager.js:264:10)
    at OptionManager.mergeOptions (/opt/threatbook/tip-ui/node_modules/babel-core/lib/transformation/file/options/option-manager.js:249:14)
    at OptionManager.init (/opt/threatbook/tip-ui/node_modules/babel-core/lib/transformation/file/options/option-manager.js:368:12)
    at File.initOptions (/opt/threatbook/tip-ui/node_modules/babel-core/lib/transformation/file/index.js:212:65)
    at new File (/opt/threatbook/tip-ui/node_modules/babel-core/lib/transformation/file/index.js:135:24)
    at Pipeline.transform (/opt/threatbook/tip-ui/node_modules/babel-core/lib/transformation/pipeline.js:46:16)
    at transpile (/opt/threatbook/tip-ui/node_modules/babel-loader/lib/index.js:50:20)
    at Object.module.exports (/opt/threatbook/tip-ui/node_modules/babel-loader/lib/index.js:175:20)
 @ multi ./example/index.js[39m[22m
Child [1mhtml-webpack-plugin for "index.html"[39m[22m:
         [1mAsset[39m[22m     [1mSize[39m[22m  [1mChunks[39m[22m  [1m[39m[22m[1m[39m[22m[1mChunk Names[39m[22m
    [1m[32mindex.html[39m[22m  1.42 MB       [1m1[39m[22m  [1m[32m[39m[22m
       [0] [1m./node_modules/html-webpack-plugin/lib/loader.js!./index.html[39m[22m 596 bytes {[1m[33m1[39m[22m}
       [1] [1m./node_modules/html-webpack-plugin/node_modules/lodash/lodash.js[39m[22m 540 kB {[1m[33m1[39m[22m}
       [2] [1m(webpack)/buildin/global.js[39m[22m 509 bytes {[1m[33m1[39m[22m}
       [3] [1m(webpack)/buildin/module.js[39m[22m 517 bytes {[1m[33m1[39m[22m}
‚Ñπ ÔΩ¢wdmÔΩ£: Failed to compile.
 FAIL  Failed to compile

./src/components/DropdownList/index.js
Module build failed: Error: Couldn't find preset "stage-2" relative to directory "/opt/threatbook/tip-ui"
    at Array.map (<anonymous>)
./src/components/Icon/index.js
Module build failed: Error: Couldn't find preset "stage-2" relative to directory "/opt/threatbook/tip-ui"
    at Array.map (<anonymous>)
./src/components/Label/index.js
Module build failed: Error: Couldn't find preset "stage-2" relative to directory "/opt/threatbook/tip-ui"
    at Array.map (<anonymous>)
./src/components/Loading/index.js
Module build failed: Error: Couldn't find preset "stage-2" relative to directory "/opt/threatbook/tip-ui"
    at Array.map (<anonymous>)
./src/components/Modal/index.js
Module build failed: Error: Couldn't find preset "stage-2" relative to directory "/opt/threatbook/tip-ui"
    at Array.map (<anonymous>)
./src/components/Alert/index.js
Module build failed: Error: Couldn't find preset "stage-2" relative to directory "/opt/threatbook/tip-ui"
    at Array.map (<anonymous>)
./src/components/Box/index.js
Module build failed: Error: Couldn't find preset "stage-2" relative to directory "/opt/threatbook/tip-ui"
    at Array.map (<anonymous>)
./src/components/Table/Base.js
Module build failed: Error: Couldn't find preset "stage-2" relative to directory "/opt/threatbook/tip-ui"
    at Array.map (<anonymous>)
./src/components/Tab/Tab.js
Module build failed: Error: Couldn't find preset "stage-2" relative to directory "/opt/threatbook/tip-ui"
    at Array.map (<anonymous>)
./src/components/Tab/TabPanel.js
Module build failed: Error: Couldn't find preset "stage-2" relative to directory "/opt/threatbook/tip-ui"
    at Array.map (<anonymous>)
./src/components/Code/index.js
Module build failed: Error: Couldn't find preset "stage-2" relative to directory "/opt/threatbook/tip-ui"
    at Array.map (<anonymous>)
./src/components/Pagination/index.js
Module build failed: Error: Couldn't find preset "stage-2" relative to directory "/opt/threatbook/tip-ui"
    at Array.map (<anonymous>)
./src/components/Dropdown/index.js
Module build failed: Error: Couldn't find preset "stage-2" relative to directory "/opt/threatbook/tip-ui"
    at Array.map (<anonymous>)
./src/components/Button/index.js
Module build failed: Error: Couldn't find preset "stage-2" relative to directory "/opt/threatbook/tip-ui"
    at Array.map (<anonymous>)
./src/components/Input/index.js
Module build failed: Error: Couldn't find preset "stage-2" relative to directory "/opt/threatbook/tip-ui"
    at Array.map (<anonymous>)
./src/components/MultiInput/index.js
Module build failed: Error: Couldn't find preset "stage-2" relative to directory "/opt/threatbook/tip-ui"
    at Array.map (<anonymous>)
./src/components/Select/index.js
Module build failed: Error: Couldn't find preset "stage-2" relative to directory "/opt/threatbook/tip-ui"
    at Array.map (<anonymous>)
./src/components/Radio/Radio.js
Module build failed: Error: Couldn't find preset "stage-2" relative to directory "/opt/threatbook/tip-ui"
    at Array.map (<anonymous>)
./src/components/Radio/RadioGroup.js
Module build failed: Error: Couldn't find preset "stage-2" relative to directory "/opt/threatbook/tip-ui"
    at Array.map (<anonymous>)
./src/components/Checkbox/Checkbox.js
Module build failed: Error: Couldn't find preset "stage-2" relative to directory "/opt/threatbook/tip-ui"
    at Array.map (<anonymous>)
./src/components/Checkbox/CheckboxGroup.js
Module build failed: Error: Couldn't find preset "stage-2" relative to directory "/opt/threatbook/tip-ui"
    at Array.map (<anonymous>)
./src/components/LabelSelect/index.js
Module build failed: Error: Couldn't find preset "stage-2" relative to directory "/opt/threatbook/tip-ui"
    at Array.map (<anonymous>)
./src/components/Form/Form.js
Module build failed: Error: Couldn't find preset "stage-2" relative to directory "/opt/threatbook/tip-ui"
    at Array.map (<anonymous>)
./src/components/Form/FormItem.js
Module build failed: Error: Couldn't find preset "stage-2" relative to directory "/opt/threatbook/tip-ui"
    at Array.map (<anonymous>)
./doc/Wrapper.js
Module build failed: Error: Couldn't find preset "stage-2" relative to directory "/opt/threatbook/tip-ui"
    at Array.map (<anonymous>)
./doc/IconList.js
Module build failed: Error: Couldn't find preset "stage-2" relative to directory "/opt/threatbook/tip-ui"
    at Array.map (<anonymous>)
sh: line 1:  2241 Killed                  styleguidist server
npm ERR! code ELIFECYCLE
npm ERR! errno 137
npm ERR! react-cli@1.1.0 styleguide: `node doc/generateIcon.js && styleguidist server`
npm ERR! Exit status 137
npm ERR! 
npm ERR! Failed at the react-cli@1.1.0 styleguide script.
npm ERR! This is probably not a problem with npm. There is likely additional logging output above.

npm ERR! A complete log of this run can be found in:
npm ERR!     /home/threatbook/.npm/_logs/2018-02-22T02_21_55_142Z-debug.log

> react-cli@1.1.0 styleguide /opt/threatbook/tip-ui
> node doc/generateIcon.js && styleguidist server

You can now view your style guide in the browser:

  Local:            http://localhost:8080/
  On your network:  http://10.10.49.46:8080/

Warning: src/components/Select/index.js matches a pattern defined in ‚Äúcomponents‚Äù or ‚Äúsections‚Äù options in your style guide config but doesn‚Äôt export a component.

It usually happens when using third-party libraries, see possible solutions here:
https://react-styleguidist.js.org/docs/thirdparties.html

Warning: src/components/Radio/RadioButton.js matches a pattern defined in ‚Äúcomponents‚Äù or ‚Äúsections‚Äù options in your style guide config but doesn‚Äôt export a component.

It usually happens when using third-party libraries, see possible solutions here:
https://react-styleguidist.js.org/docs/thirdparties.html

 DONE  Compiled successfully!

> react-cli@1.1.0 styleguide /opt/threatbook/tip-ui
> node doc/generateIcon.js && styleguidist server

You can now view your style guide in the browser:

  Local:            http://localhost:8080/
  On your network:  http://10.10.49.46:8080/

Warning: src/components/Select/index.js matches a pattern defined in ‚Äúcomponents‚Äù or ‚Äúsections‚Äù options in your style guide config but doesn‚Äôt export a component.

It usually happens when using third-party libraries, see possible solutions here:
https://react-styleguidist.js.org/docs/thirdparties.html

Warning: src/components/Radio/RadioButton.js matches a pattern defined in ‚Äúcomponents‚Äù or ‚Äúsections‚Äù options in your style guide config but doesn‚Äôt export a component.

It usually happens when using third-party libraries, see possible solutions here:
https://react-styleguidist.js.org/docs/thirdparties.html

 DONE  Compiled successfully!

 DONE  Compiled successfully!

 DONE  Compiled successfully!

 DONE  Compiled successfully!

 DONE  Compiled successfully!

 DONE  Compiled successfully!

 DONE  Compiled successfully!

 DONE  Compiled successfully!

 DONE  Compiled successfully!

Warning: src/components/Select/index.js matches a pattern defined in ‚Äúcomponents‚Äù or ‚Äúsections‚Äù options in your style guide config but doesn‚Äôt export a component.

It usually happens when using third-party libraries, see possible solutions here:
https://react-styleguidist.js.org/docs/thirdparties.html

Warning: src/components/Radio/RadioButton.js matches a pattern defined in ‚Äúcomponents‚Äù or ‚Äúsections‚Äù options in your style guide config but doesn‚Äôt export a component.

It usually happens when using third-party libraries, see possible solutions here:
https://react-styleguidist.js.org/docs/thirdparties.html

 DONE  Compiled successfully!
